#
# A fatal error has been detected by the Java Runtime Environment:
#
#  EXCEPTION_ACCESS_VIOLATION (0xc0000005) at pc=0x00007ff88d95b796, pid=24124, tid=20776
#
# JRE version: OpenJDK Runtime Environment (17.0.2+8) (build 17.0.2+8-86)
# Java VM: OpenJDK 64-Bit Server VM (17.0.2+8-86, mixed mode, sharing, tiered, compressed oops, compressed class ptrs, g1 gc, windows-amd64)
# Problematic frame:
# C  [glass.dll+0x1b796]
#
# No core dump will be written. Minidumps are not enabled by default on client versions of Windows
#
# If you would like to submit a bug report, please visit:
#   https://bugreport.java.com/bugreport/crash.jsp
# The crash happened outside the Java Virtual Machine in native code.
# See problematic frame for where to report the bug.
#

---------------  S U M M A R Y ------------

Command Line: --module-path=C:/Users/jayst/JavaFX/javafx-sdk-19.0.2.1/lib --add-modules=javafx.controls,javafx.fxml -javaagent:C:\Users\jayst\IntelliJ IDEA Ultimate\IntelliJ IDEA 2020.3.2\lib\idea_rt.jar=60110:C:\Users\jayst\IntelliJ IDEA Ultimate\IntelliJ IDEA 2020.3.2\bin -Dfile.encoding=UTF-8 sample.Main

Host: Intel(R) Core(TM) i7-4790 CPU @ 3.60GHz, 8 cores, 15G,  Windows 10 , 64 bit Build 19041 (10.0.19041.2788)
Time: Sun Apr 30 18:59:18 2023 GMT Summer Time elapsed time: 8.798382 seconds (0d 0h 0m 8s)

---------------  T H R E A D  ---------------

Current thread (0x0000026010657dd0):  JavaThread "JavaFX Application Thread" [_thread_in_native, id=20776, stack(0x0000006e9ac00000,0x0000006e9ad00000)]

Stack: [0x0000006e9ac00000,0x0000006e9ad00000],  sp=0x0000006e9acfdf10,  free space=1015k
Native frames: (J=compiled Java code, j=interpreted, Vv=VM code, C=native code)
C  [glass.dll+0x1b796]

Java frames: (J=compiled Java code, j=interpreted, Vv=VM code)
j  com.sun.glass.ui.win.WinWindow._close(J)Z+0 javafx.graphics@19.0.2.1
j  com.sun.glass.ui.Window.close()V+63 javafx.graphics@19.0.2.1
j  com.sun.glass.ui.win.WinWindow.close()V+8 javafx.graphics@19.0.2.1
j  com.sun.glass.ui.Application.terminate()V+75 javafx.graphics@19.0.2.1
j  com.sun.javafx.tk.quantum.QuantumToolkit.lambda$exit$13()Ljava/lang/Object;+5 javafx.graphics@19.0.2.1
j  com.sun.javafx.tk.quantum.QuantumToolkit$$Lambda$851+0x0000000800f596f8.get()Ljava/lang/Object;+0 javafx.graphics@19.0.2.1
j  com.sun.javafx.tk.quantum.QuantumToolkit.runWithRenderLock(Ljava/util/function/Supplier;)Ljava/lang/Object;+7 javafx.graphics@19.0.2.1
j  com.sun.javafx.tk.quantum.QuantumToolkit.exit()V+26 javafx.graphics@19.0.2.1
j  com.sun.javafx.application.PlatformImpl.lambda$tkExit$16()V+3 javafx.graphics@19.0.2.1
j  com.sun.javafx.application.PlatformImpl$$Lambda$850+0x0000000800f594e0.run()V+0 javafx.graphics@19.0.2.1
j  com.sun.javafx.application.PlatformImpl.lambda$runAndWait$12(Ljava/lang/Runnable;Ljava/util/concurrent/CountDownLatch;)V+1 javafx.graphics@19.0.2.1
j  com.sun.javafx.application.PlatformImpl$$Lambda$97+0x0000000800c3e640.run()V+8 javafx.graphics@19.0.2.1
j  com.sun.javafx.application.PlatformImpl.lambda$runLater$10(Ljava/lang/Runnable;)Ljava/lang/Void;+1 javafx.graphics@19.0.2.1
j  com.sun.javafx.application.PlatformImpl$$Lambda$99+0x0000000800c3fab0.run()Ljava/lang/Object;+4 javafx.graphics@19.0.2.1
J 2867 c1 java.security.AccessController.doPrivileged(Ljava/security/PrivilegedAction;Ljava/security/AccessControlContext;)Ljava/lang/Object; java.base@17.0.2 (17 bytes) @ 0x0000026000add6dc [0x0000026000add500+0x00000000000001dc]
j  com.sun.javafx.application.PlatformImpl.lambda$runLater$11(Ljava/lang/Runnable;Ljava/security/AccessControlContext;)V+7 javafx.graphics@19.0.2.1
j  com.sun.javafx.application.PlatformImpl$$Lambda$98+0x0000000800c3ea60.run()V+8 javafx.graphics@19.0.2.1
j  com.sun.glass.ui.InvokeLaterDispatcher$Future.run()V+4 javafx.graphics@19.0.2.1
v  ~StubRoutines::call_stub
j  com.sun.glass.ui.win.WinApplication._runLoop(Ljava/lang/Runnable;)V+0 javafx.graphics@19.0.2.1
j  com.sun.glass.ui.win.WinApplication.lambda$runLoop$3(ILjava/lang/Runnable;)V+8 javafx.graphics@19.0.2.1
j  com.sun.glass.ui.win.WinApplication$$Lambda$87+0x0000000800c2d6e8.run()V+12 javafx.graphics@19.0.2.1
j  java.lang.Thread.run()V+11 java.base@17.0.2
v  ~StubRoutines::call_stub

siginfo: EXCEPTION_ACCESS_VIOLATION (0xc0000005), reading address 0x0000000000000120


Register to memory mapping:

RIP=0x00007ff88d95b796 glass.dll
RAX=0x0 is NULL
RBX=0x0 is NULL
RCX=0x0 is NULL
RDX=0x0 is NULL
RSP=0x0000006e9acfdf10 is pointing into the stack for thread: 0x0000026010657dd0
RBP=0x0 is NULL
RSI=0x0000000000000401 is an unknown value
RDI=0x0000006e9acfe270 is pointing into the stack for thread: 0x0000026010657dd0
R8 =0x0000006e9acfe270 is pointing into the stack for thread: 0x0000026010657dd0
R9 =0x0 is NULL
R10=0x00007ff88d968838 glass.dll
R11=0x0000000000000246 is an unknown value
R12=0x0 is NULL
R13=0x0000000000000401 is an unknown value
R14=0x0 is NULL
R15=0x0 is NULL


Registers:
RAX=0x0000000000000000, RBX=0x0000000000000000, RCX=0x0000000000000000, RDX=0x0000000000000000
RSP=0x0000006e9acfdf10, RBP=0x0000000000000000, RSI=0x0000000000000401, RDI=0x0000006e9acfe270
R8 =0x0000006e9acfe270, R9 =0x0000000000000000, R10=0x00007ff88d968838, R11=0x0000000000000246
R12=0x0000000000000000, R13=0x0000000000000401, R14=0x0000000000000000, R15=0x0000000000000000
RIP=0x00007ff88d95b796, EFLAGS=0x0000000000010202

Top of Stack: (sp=0x0000006e9acfdf10)
0x0000006e9acfdf10:   0000000000000578 0000006e9acfdf20
0x0000006e9acfdf20:   0000000000180016 00007ff88d9675d0
0x0000006e9acfdf30:   0000006e9acfe270 00007ff88d95a521
0x0000006e9acfdf40:   0000006e9acfe270 0000000000000401
0x0000006e9acfdf50:   00007ff88d9675d0 0000026069d3f6e0
0x0000006e9acfdf60:   000002600fb85510 00007ff88d94a2d5
0x0000006e9acfdf70:   0000006e9acfe270 0000000080000001
0x0000006e9acfdf80:   000002601065c0df 00007ff80a291345
0x0000006e9acfdf90:   0000000000000000 00007ff88d9417bc
0x0000006e9acfdfa0:   000002600fb85510 0000006e9acfe270
0x0000006e9acfdfb0:   0000000000000401 0000000000620632
0x0000006e9acfdfc0:   0000000000000000 00007ff8ac53e858
0x0000006e9acfdfd0:   0000000000000001 0000006e9acfe1c0
0x0000006e9acfdfe0:   0000000000000000 0000000080000022
0x0000006e9acfdff0:   000002600fdac500 000002600fdac500
0x0000006e9acfe000:   000002600fdac500 0000026010658c70 

Instructions: (pc=0x00007ff88d95b796)
0x00007ff88d95b696:   a8 00 00 00 41 5e 41 5d 41 5c 5e 5d 5b c3 cc cc
0x00007ff88d95b6a6:   cc cc cc cc cc cc cc cc cc cc b0 01 c3 cc cc cc
0x00007ff88d95b6b6:   cc cc cc cc cc cc cc cc cc cc 48 89 5c 24 08 57
0x00007ff88d95b6c6:   48 83 ec 30 48 8b fa 48 8b d9 48 39 91 20 01 00
0x00007ff88d95b6d6:   00 0f 84 a5 00 00 00 e8 ae 00 00 00 48 8b 93 20
0x00007ff88d95b6e6:   01 00 00 48 85 d2 75 04 48 8b 53 08 48 89 54 24
0x00007ff88d95b6f6:   20 4c 8b c7 48 85 ff 75 04 4c 8b 43 08 48 8d 0d
0x00007ff88d95b706:   16 e9 00 00 4c 89 44 24 28 e8 3c 7f fe ff 48 8b
0x00007ff88d95b716:   4c 24 20 4c 8d 44 24 20 48 8d 15 eb f8 ff ff ff
0x00007ff88d95b726:   15 b5 de 01 00 48 8b 05 2e e2 01 00 48 85 c0 75
0x00007ff88d95b736:   04 33 c9 eb 03 8b 48 40 4c 8d 44 24 20 48 8d 15
0x00007ff88d95b746:   06 f9 ff ff ff 15 98 de 01 00 48 89 bb 20 01 00
0x00007ff88d95b756:   00 e8 24 38 00 00 4c 8b 05 9d e5 01 00 48 8b c8
0x00007ff88d95b766:   48 8b 93 c0 00 00 00 4c 8b cf e8 7b 99 fe ff e8
0x00007ff88d95b776:   06 38 00 00 48 8b c8 e8 1e 37 00 00 48 8b 5c 24
0x00007ff88d95b786:   40 48 83 c4 30 5f c3 cc cc cc 40 57 48 83 ec 20
0x00007ff88d95b796:   48 8b 81 20 01 00 00 48 8b f9 48 85 c0 75 04 48
0x00007ff88d95b7a6:   8b 41 08 48 3b 05 d0 e4 01 00 75 3b 48 89 5c 24
0x00007ff88d95b7b6:   30 e8 c4 37 00 00 4c 8b 05 2d e5 01 00 48 8b c8
0x00007ff88d95b7c6:   48 8b 97 c0 00 00 00 48 8b d8 e8 1b 99 fe ff 48
0x00007ff88d95b7d6:   8b cb e8 c3 36 00 00 48 8b 5c 24 30 48 c7 05 93
0x00007ff88d95b7e6:   e4 01 00 00 00 00 00 48 83 c4 20 5f c3 cc cc cc
0x00007ff88d95b7f6:   cc cc cc cc cc cc cc cc cc cc 40 53 48 83 ec 50
0x00007ff88d95b806:   48 8b 05 b3 b9 01 00 48 33 c4 48 89 44 24 40 48
0x00007ff88d95b816:   8b d9 48 8b 49 08 ff 15 3e dd 01 00 85 c0 0f 85
0x00007ff88d95b826:   1b 01 00 00 48 8b 4b 08 48 8d 54 24 30 ff 15 8f
0x00007ff88d95b836:   db 01 00 48 8b 4b 08 48 8d 54 24 20 ff 15 e8 db
0x00007ff88d95b846:   01 00 48 8b 4b 08 4c 8d 44 24 20 41 b9 02 00 00
0x00007ff88d95b856:   00 33 d2 ff 15 d9 db 01 00 8b 44 24 24 2b 44 24
0x00007ff88d95b866:   34 8b 4c 24 20 2b 4c 24 30 8b 54 24 3c 2b 54 24
0x00007ff88d95b876:   2c 44 8b 44 24 38 44 2b 44 24 28 89 83 0c 01 00
0x00007ff88d95b886:   00 89 8b 08 01 00 00 89 93 14 01 00 00 44 89 83 


Stack slot to memory mapping:
stack at sp + 0 slots: 0x0000000000000578 is an unknown value
stack at sp + 1 slots: 0x0000006e9acfdf20 is pointing into the stack for thread: 0x0000026010657dd0
stack at sp + 2 slots: 0x0000000000180016 is an unknown value
stack at sp + 3 slots: 0x00007ff88d9675d0 glass.dll
stack at sp + 4 slots: 0x0000006e9acfe270 is pointing into the stack for thread: 0x0000026010657dd0
stack at sp + 5 slots: 0x00007ff88d95a521 glass.dll
stack at sp + 6 slots: 0x0000006e9acfe270 is pointing into the stack for thread: 0x0000026010657dd0
stack at sp + 7 slots: 0x0000000000000401 is an unknown value


---------------  P R O C E S S  ---------------

Threads class SMR info:
_java_thread_list=0x000002601c5e1930, length=24, elements={
0x00000260698128d0, 0x000002607f4d5d20, 0x000002607f4d9740, 0x000002607f4e9ce0,
0x000002607f4eb8a0, 0x000002607f4eea00, 0x000002607f4efb50, 0x000002607f4f4580,
0x000002607f4f57c0, 0x000002607f5098c0, 0x000002607f4bf260, 0x00000260106e2490,
0x00000260104a6b30, 0x000002601059f460, 0x0000026010654850, 0x0000026010657dd0,
0x0000026010dad350, 0x0000026010dadca0, 0x0000026010dc4b30, 0x0000026010dcf9b0,
0x00000260111513a0, 0x0000026011151d40, 0x00000260193a2a40, 0x000002601d604680
}

Java Threads: ( => current thread )
  0x00000260698128d0 JavaThread "main" [_thread_blocked, id=14512, stack(0x0000006e99400000,0x0000006e99500000)]
  0x000002607f4d5d20 JavaThread "Reference Handler" daemon [_thread_blocked, id=10796, stack(0x0000006e99b00000,0x0000006e99c00000)]
  0x000002607f4d9740 JavaThread "Finalizer" daemon [_thread_blocked, id=14216, stack(0x0000006e99c00000,0x0000006e99d00000)]
  0x000002607f4e9ce0 JavaThread "Signal Dispatcher" daemon [_thread_blocked, id=10524, stack(0x0000006e99d00000,0x0000006e99e00000)]
  0x000002607f4eb8a0 JavaThread "Attach Listener" daemon [_thread_blocked, id=19332, stack(0x0000006e99e00000,0x0000006e99f00000)]
  0x000002607f4eea00 JavaThread "Service Thread" daemon [_thread_blocked, id=4616, stack(0x0000006e99f00000,0x0000006e9a000000)]
  0x000002607f4efb50 JavaThread "Monitor Deflation Thread" daemon [_thread_blocked, id=24652, stack(0x0000006e9a000000,0x0000006e9a100000)]
  0x000002607f4f4580 JavaThread "C2 CompilerThread0" daemon [_thread_blocked, id=25580, stack(0x0000006e9a100000,0x0000006e9a200000)]
  0x000002607f4f57c0 JavaThread "C1 CompilerThread0" daemon [_thread_blocked, id=18144, stack(0x0000006e9a200000,0x0000006e9a300000)]
  0x000002607f5098c0 JavaThread "Sweeper thread" daemon [_thread_blocked, id=13384, stack(0x0000006e9a300000,0x0000006e9a400000)]
  0x000002607f4bf260 JavaThread "Common-Cleaner" daemon [_thread_blocked, id=12752, stack(0x0000006e9a400000,0x0000006e9a500000)]
  0x00000260106e2490 JavaThread "Monitor Ctrl-Break" daemon [_thread_in_native, id=12936, stack(0x0000006e9a700000,0x0000006e9a800000)]
  0x00000260104a6b30 JavaThread "Notification Thread" daemon [_thread_blocked, id=928, stack(0x0000006e9a800000,0x0000006e9a900000)]
  0x000002601059f460 JavaThread "QuantumRenderer-0" daemon [_thread_blocked, id=23724, stack(0x0000006e9a600000,0x0000006e9a700000)]
  0x0000026010654850 JavaThread "InvokeLaterDispatcher" daemon [_thread_blocked, id=16992, stack(0x0000006e9ab00000,0x0000006e9ac00000)]
=>0x0000026010657dd0 JavaThread "JavaFX Application Thread" [_thread_in_native, id=20776, stack(0x0000006e9ac00000,0x0000006e9ad00000)]
  0x0000026010dad350 JavaThread "JavaFX-Launcher" [_thread_blocked, id=20256, stack(0x0000006e9ae00000,0x0000006e9af00000)]
  0x0000026010dadca0 JavaThread "Thread-2" daemon [_thread_in_native, id=14140, stack(0x0000006e9a500000,0x0000006e9a600000)]
  0x0000026010dc4b30 JavaThread "ScheduledService Delay Timer" daemon [_thread_blocked, id=29008, stack(0x0000006e9af00000,0x0000006e9b000000)]
  0x0000026010dcf9b0 JavaThread "Thread-4" daemon [_thread_in_native, id=15616, stack(0x0000006e9b000000,0x0000006e9b100000)]
  0x00000260111513a0 JavaThread "Prism Font Disposer" daemon [_thread_blocked, id=7656, stack(0x0000006e9b700000,0x0000006e9b800000)]
  0x0000026011151d40 JavaThread "Cleaner-0" daemon [_thread_blocked, id=10216, stack(0x0000006e9be00000,0x0000006e9bf00000)]
  0x00000260193a2a40 JavaThread "C2 CompilerThread1" daemon [_thread_blocked, id=27040, stack(0x0000006e9b600000,0x0000006e9b700000)]
  0x000002601d604680 JavaThread "C2 CompilerThread2" daemon [_thread_blocked, id=19268, stack(0x0000006e9bd00000,0x0000006e9be00000)]

Other Threads:
  0x000002607f4d00b0 VMThread "VM Thread" [stack: 0x0000006e99a00000,0x0000006e99b00000] [id=524]
  0x00000260106e2960 WatcherThread [stack: 0x0000006e9a900000,0x0000006e9aa00000] [id=25252]
  0x0000026069862f70 GCTaskThread "GC Thread#0" [stack: 0x0000006e99500000,0x0000006e99600000] [id=2628]
  0x0000026010de70f0 GCTaskThread "GC Thread#1" [stack: 0x0000006e9b100000,0x0000006e9b200000] [id=21324]
  0x000002601109ca70 GCTaskThread "GC Thread#2" [stack: 0x0000006e9b200000,0x0000006e9b300000] [id=8408]
  0x000002601109ed30 GCTaskThread "GC Thread#3" [stack: 0x0000006e9b300000,0x0000006e9b400000] [id=12060]
  0x000002601109f3f0 GCTaskThread "GC Thread#4" [stack: 0x0000006e9b400000,0x0000006e9b500000] [id=20048]
  0x00000260110b1b10 GCTaskThread "GC Thread#5" [stack: 0x0000006e9b500000,0x0000006e9b600000] [id=15856]
  0x0000026010ff13a0 GCTaskThread "GC Thread#6" [stack: 0x0000006e9bb00000,0x0000006e9bc00000] [id=14584]
  0x0000026010ff1bb0 GCTaskThread "GC Thread#7" [stack: 0x0000006e9bc00000,0x0000006e9bd00000] [id=19544]
  0x0000026069873d70 ConcurrentGCThread "G1 Main Marker" [stack: 0x0000006e99600000,0x0000006e99700000] [id=24356]
  0x0000026069875f30 ConcurrentGCThread "G1 Conc#0" [stack: 0x0000006e99700000,0x0000006e99800000] [id=11716]
  0x000002601c1dc4f0 ConcurrentGCThread "G1 Conc#1" [stack: 0x0000006e9bf00000,0x0000006e9c000000] [id=2368]
  0x000002607f3920c0 ConcurrentGCThread "G1 Refine#0" [stack: 0x0000006e99800000,0x0000006e99900000] [id=8784]
  0x000002607f392ae0 ConcurrentGCThread "G1 Service" [stack: 0x0000006e99900000,0x0000006e99a00000] [id=5040]

Threads with active compile tasks:

VM state: not at safepoint (normal execution)

VM Mutex/Monitor currently owned by a thread: None

Heap address: 0x0000000701400000, size: 4076 MB, Compressed Oops mode: Zero based, Oop shift amount: 3

CDS archive(s) mapped at: [0x0000000800000000-0x0000000800bc0000-0x0000000800bc0000), size 12320768, SharedBaseAddress: 0x0000000800000000, ArchiveRelocationMode: 0.
Compressed class space mapped at: 0x0000000800c00000-0x0000000840c00000, reserved size: 1073741824
Narrow klass base: 0x0000000800000000, Narrow klass shift: 0, Narrow klass range: 0x100000000

GC Precious Log:
 CPUs: 8 total, 8 available
 Memory: 16303M
 Large Page Support: Disabled
 NUMA Support: Disabled
 Compressed Oops: Enabled (Zero based)
 Heap Region Size: 2M
 Heap Min Capacity: 8M
 Heap Initial Capacity: 256M
 Heap Max Capacity: 4076M
 Pre-touch: Disabled
 Parallel Workers: 8
 Concurrent Workers: 2
 Concurrent Refinement Workers: 8
 Periodic GC: Disabled

Heap:
 garbage-first heap   total 102400K, used 36639K [0x0000000701400000, 0x0000000800000000)
  region size 2048K, 14 young (28672K), 8 survivors (16384K)
 Metaspace       used 23636K, committed 23936K, reserved 1073152K
  class space    used 3301K, committed 3456K, reserved 1048576K

Heap Regions: E=young(eden), S=young(survivor), O=old, HS=humongous(starts), HC=humongous(continues), CS=collection set, F=free, OA=open archive, CA=closed archive, TAMS=top-at-mark-start (previous, next)
|   0|0x0000000701400000, 0x0000000701600000, 0x0000000701600000|100%|HS|  |TAMS 0x0000000701600000, 0x0000000701400000| Complete 
|   1|0x0000000701600000, 0x0000000701800000, 0x0000000701800000|100%| O|  |TAMS 0x0000000701800000, 0x0000000701600000| Untracked 
|   2|0x0000000701800000, 0x0000000701a00000, 0x0000000701a00000|100%|HS|  |TAMS 0x0000000701a00000, 0x0000000701800000| Complete 
|   3|0x0000000701a00000, 0x0000000701c00000, 0x0000000701c00000|100%| O|  |TAMS 0x0000000701c00000, 0x0000000701a00000| Untracked 
|   4|0x0000000701c00000, 0x0000000701ca1200, 0x0000000701e00000| 31%| O|  |TAMS 0x0000000701ca1200, 0x0000000701c00000| Complete 
|   5|0x0000000701e00000, 0x0000000702000000, 0x0000000702000000|100%|HS|  |TAMS 0x0000000702000000, 0x0000000701e00000| Complete 
|   6|0x0000000702000000, 0x0000000702000000, 0x0000000702200000|  0%| F|  |TAMS 0x0000000702000000, 0x0000000702000000| Untracked 
|   7|0x0000000702200000, 0x0000000702200000, 0x0000000702400000|  0%| F|  |TAMS 0x0000000702200000, 0x0000000702200000| Untracked 
|   8|0x0000000702400000, 0x0000000702400000, 0x0000000702600000|  0%| F|  |TAMS 0x0000000702400000, 0x0000000702400000| Untracked 
|   9|0x0000000702600000, 0x0000000702600000, 0x0000000702800000|  0%| F|  |TAMS 0x0000000702600000, 0x0000000702600000| Untracked 
|  10|0x0000000702800000, 0x0000000702800000, 0x0000000702a00000|  0%| F|  |TAMS 0x0000000702800000, 0x0000000702800000| Untracked 
|  11|0x0000000702a00000, 0x0000000702a00000, 0x0000000702c00000|  0%| F|  |TAMS 0x0000000702a00000, 0x0000000702a00000| Untracked 
|  12|0x0000000702c00000, 0x0000000702c00000, 0x0000000702e00000|  0%| F|  |TAMS 0x0000000702c00000, 0x0000000702c00000| Untracked 
|  13|0x0000000702e00000, 0x0000000702e00000, 0x0000000703000000|  0%| F|  |TAMS 0x0000000702e00000, 0x0000000702e00000| Untracked 
|  14|0x0000000703000000, 0x0000000703000000, 0x0000000703200000|  0%| F|  |TAMS 0x0000000703000000, 0x0000000703000000| Untracked 
|  15|0x0000000703200000, 0x0000000703200000, 0x0000000703400000|  0%| F|  |TAMS 0x0000000703200000, 0x0000000703200000| Untracked 
|  16|0x0000000703400000, 0x0000000703400000, 0x0000000703600000|  0%| F|  |TAMS 0x0000000703400000, 0x0000000703400000| Untracked 
|  17|0x0000000703600000, 0x0000000703600000, 0x0000000703800000|  0%| F|  |TAMS 0x0000000703600000, 0x0000000703600000| Untracked 
|  18|0x0000000703800000, 0x0000000703800000, 0x0000000703a00000|  0%| F|  |TAMS 0x0000000703800000, 0x0000000703800000| Untracked 
|  19|0x0000000703a00000, 0x0000000703a00000, 0x0000000703c00000|  0%| F|  |TAMS 0x0000000703a00000, 0x0000000703a00000| Untracked 
|  20|0x0000000703c00000, 0x0000000703c00000, 0x0000000703e00000|  0%| F|  |TAMS 0x0000000703c00000, 0x0000000703c00000| Untracked 
|  21|0x0000000703e00000, 0x0000000703e00000, 0x0000000704000000|  0%| F|  |TAMS 0x0000000703e00000, 0x0000000703e00000| Untracked 
|  22|0x0000000704000000, 0x0000000704000000, 0x0000000704200000|  0%| F|  |TAMS 0x0000000704000000, 0x0000000704000000| Untracked 
|  23|0x0000000704200000, 0x0000000704200000, 0x0000000704400000|  0%| F|  |TAMS 0x0000000704200000, 0x0000000704200000| Untracked 
|  24|0x0000000704400000, 0x0000000704400000, 0x0000000704600000|  0%| F|  |TAMS 0x0000000704400000, 0x0000000704400000| Untracked 
|  25|0x0000000704600000, 0x0000000704600000, 0x0000000704800000|  0%| F|  |TAMS 0x0000000704600000, 0x0000000704600000| Untracked 
|  26|0x0000000704800000, 0x0000000704800000, 0x0000000704a00000|  0%| F|  |TAMS 0x0000000704800000, 0x0000000704800000| Untracked 
|  27|0x0000000704a00000, 0x0000000704a00000, 0x0000000704c00000|  0%| F|  |TAMS 0x0000000704a00000, 0x0000000704a00000| Untracked 
|  28|0x0000000704c00000, 0x0000000704c00000, 0x0000000704e00000|  0%| F|  |TAMS 0x0000000704c00000, 0x0000000704c00000| Untracked 
|  29|0x0000000704e00000, 0x0000000704e00000, 0x0000000705000000|  0%| F|  |TAMS 0x0000000704e00000, 0x0000000704e00000| Untracked 
|  30|0x0000000705000000, 0x0000000705000000, 0x0000000705200000|  0%| F|  |TAMS 0x0000000705000000, 0x0000000705000000| Untracked 
|  31|0x0000000705200000, 0x0000000705200000, 0x0000000705400000|  0%| F|  |TAMS 0x0000000705200000, 0x0000000705200000| Untracked 
|  32|0x0000000705400000, 0x0000000705400000, 0x0000000705600000|  0%| F|  |TAMS 0x0000000705400000, 0x0000000705400000| Untracked 
|  33|0x0000000705600000, 0x0000000705600000, 0x0000000705800000|  0%| F|  |TAMS 0x0000000705600000, 0x0000000705600000| Untracked 
|  34|0x0000000705800000, 0x0000000705800000, 0x0000000705a00000|  0%| F|  |TAMS 0x0000000705800000, 0x0000000705800000| Untracked 
|  35|0x0000000705a00000, 0x0000000705a00000, 0x0000000705c00000|  0%| F|  |TAMS 0x0000000705a00000, 0x0000000705a00000| Untracked 
|  36|0x0000000705c00000, 0x0000000705d00800, 0x0000000705e00000| 50%| E|  |TAMS 0x0000000705c00000, 0x0000000705c00000| Complete 
|  37|0x0000000705e00000, 0x0000000706000000, 0x0000000706000000|100%| E|CS|TAMS 0x0000000705e00000, 0x0000000705e00000| Complete 
|  38|0x0000000706000000, 0x0000000706200000, 0x0000000706200000|100%| E|CS|TAMS 0x0000000706000000, 0x0000000706000000| Complete 
|  39|0x0000000706200000, 0x0000000706400000, 0x0000000706400000|100%| E|CS|TAMS 0x0000000706200000, 0x0000000706200000| Complete 
|  40|0x0000000706400000, 0x0000000706600000, 0x0000000706600000|100%| E|CS|TAMS 0x0000000706400000, 0x0000000706400000| Complete 
|  82|0x000000070b800000, 0x000000070b926ae0, 0x000000070ba00000| 57%| S|CS|TAMS 0x000000070b800000, 0x000000070b800000| Complete 
|  83|0x000000070ba00000, 0x000000070bc00000, 0x000000070bc00000|100%| S|CS|TAMS 0x000000070ba00000, 0x000000070ba00000| Complete 
|  84|0x000000070bc00000, 0x000000070be00000, 0x000000070be00000|100%| S|CS|TAMS 0x000000070bc00000, 0x000000070bc00000| Complete 
|  85|0x000000070be00000, 0x000000070c000000, 0x000000070c000000|100%| S|CS|TAMS 0x000000070be00000, 0x000000070be00000| Complete 
|  86|0x000000070c000000, 0x000000070c200000, 0x000000070c200000|100%| S|CS|TAMS 0x000000070c000000, 0x000000070c000000| Complete 
|  87|0x000000070c200000, 0x000000070c400000, 0x000000070c400000|100%| S|CS|TAMS 0x000000070c200000, 0x000000070c200000| Complete 
|  88|0x000000070c400000, 0x000000070c600000, 0x000000070c600000|100%| S|CS|TAMS 0x000000070c400000, 0x000000070c400000| Complete 
|  89|0x000000070c600000, 0x000000070c800000, 0x000000070c800000|100%| S|CS|TAMS 0x000000070c600000, 0x000000070c600000| Complete 
| 127|0x0000000711200000, 0x0000000711400000, 0x0000000711400000|100%| E|CS|TAMS 0x0000000711200000, 0x0000000711200000| Complete 

Card table byte_map: [0x0000026073ab0000,0x00000260742b0000] _byte_map_base: 0x00000260702a6000

Marking Bits (Prev, Next): (CMBitMap*) 0x00000260698635c0, (CMBitMap*) 0x0000026069863580
 Prev Bits: [0x0000026078a60000, 0x000002607ca10000)
 Next Bits: [0x0000026074ab0000, 0x0000026078a60000)

Polling page: 0x00000260698f0000

Metaspace:

Usage:
  Non-class:     19.86 MB used.
      Class:      3.22 MB used.
       Both:     23.08 MB used.

Virtual space:
  Non-class space:       24.00 MB reserved,      20.00 MB ( 83%) committed,  3 nodes.
      Class space:        1.00 GB reserved,       3.38 MB ( <1%) committed,  1 nodes.
             Both:        1.02 GB reserved,      23.38 MB (  2%) committed. 

Chunk freelists:
   Non-Class:  3.50 MB
       Class:  656.00 KB
        Both:  4.14 MB

MaxMetaspaceSize: unlimited
CompressedClassSpaceSize: 1.00 GB
Initial GC threshold: 21.00 MB
Current GC threshold: 35.44 MB
CDS: on
MetaspaceReclaimPolicy: balanced
 - commit_granule_bytes: 65536.
 - commit_granule_words: 8192.
 - virtual_space_node_default_size: 1048576.
 - enlarge_chunks_in_place: 1.
 - new_chunks_are_fully_committed: 0.
 - uncommit_free_chunks: 1.
 - use_allocation_guard: 0.
 - handle_deallocations: 1.


Internal statistics:

num_allocs_failed_limit: 3.
num_arena_births: 296.
num_arena_deaths: 0.
num_vsnodes_births: 4.
num_vsnodes_deaths: 0.
num_space_committed: 374.
num_space_uncommitted: 0.
num_chunks_returned_to_freelist: 3.
num_chunks_taken_from_freelist: 1113.
num_chunk_merges: 3.
num_chunk_splits: 771.
num_chunks_enlarged: 600.
num_purges: 0.
num_inconsistent_stats: 0.

CodeHeap 'non-profiled nmethods': size=120000Kb used=2387Kb max_used=2387Kb free=117612Kb
 bounds [0x0000026007ad0000, 0x0000026007d40000, 0x000002600f000000]
CodeHeap 'profiled nmethods': size=120000Kb used=10245Kb max_used=10245Kb free=109754Kb
 bounds [0x00000260005a0000, 0x0000026000fb0000, 0x0000026007ad0000]
CodeHeap 'non-nmethods': size=5760Kb used=1450Kb max_used=1508Kb free=4309Kb
 bounds [0x0000026000000000, 0x0000026000270000, 0x00000260005a0000]
 total_blobs=5637 nmethods=4818 adapters=729
 compilation: enabled
              stopped_count=0, restarted_count=0
 full_count=0

Compilation events (20 events):
Event: 8.734 Thread 0x000002607f4f57c0 4830       3       org.apache.poi.util.LittleEndian::putInt (57 bytes)
Event: 8.734 Thread 0x000002607f4f57c0 nmethod 4830 0x0000026000f9f990 code [0x0000026000f9fb20, 0x0000026000f9fcd8]
Event: 8.735 Thread 0x00000260193a2a40 4831       4       java.util.WeakHashMap::remove (131 bytes)
Event: 8.739 Thread 0x000002607f4f57c0 4832       3       java.nio.Buffer::checkScope (16 bytes)
Event: 8.740 Thread 0x000002607f4f57c0 nmethod 4832 0x0000026000f9fe10 code [0x0000026000f9ffc0, 0x0000026000fa0298]
Event: 8.741 Thread 0x000002601d604680 4833       4       javafx.scene.Parent::updateBounds (44 bytes)
Event: 8.742 Thread 0x000002607f4f4580 4835       4       com.sun.javafx.sg.prism.NGGroup::renderForcedContent (43 bytes)
Event: 8.742 Thread 0x000002607f4f57c0 4836       3       java.util.concurrent.ConcurrentHashMap::sumCount (60 bytes)
Event: 8.743 Thread 0x000002607f4f57c0 nmethod 4836 0x0000026000fa0390 code [0x0000026000fa0540, 0x0000026000fa07b8]
Event: 8.744 Thread 0x000002601d604680 nmethod 4833 0x0000026007d22990 code [0x0000026007d22b60, 0x0000026007d22f08]
Event: 8.744 Thread 0x000002601d604680 4837       4       com.sun.glass.ui.Application::GetApplication (4 bytes)
Event: 8.744 Thread 0x000002607f4f4580 nmethod 4835 0x0000026007d23310 code [0x0000026007d234a0, 0x0000026007d23738]
Event: 8.744 Thread 0x000002601d604680 nmethod 4837 0x0000026007d23a10 code [0x0000026007d23b80, 0x0000026007d23bf8]
Event: 8.745 Thread 0x00000260193a2a40 nmethod 4831 0x0000026007d23d10 code [0x0000026007d23ec0, 0x0000026007d24a18]
Event: 8.754 Thread 0x000002607f4f57c0 4838       3       com.sun.glass.ui.View::checkNotClosed (20 bytes)
Event: 8.754 Thread 0x000002607f4f57c0 nmethod 4838 0x0000026000fa0910 code [0x0000026000fa0ac0, 0x0000026000fa0d08]
Event: 8.764 Thread 0x000002607f4f57c0 4839       3       java.nio.charset.CoderResult::isUnderflow (13 bytes)
Event: 8.765 Thread 0x000002607f4f57c0 nmethod 4839 0x0000026000fa0e10 code [0x0000026000fa0fa0, 0x0000026000fa1118]
Event: 8.765 Thread 0x000002607f4f57c0 4840       3       java.io.BufferedWriter::ensureOpen (18 bytes)
Event: 8.765 Thread 0x000002607f4f57c0 nmethod 4840 0x0000026000fa1190 code [0x0000026000fa1340, 0x0000026000fa1548]

GC Heap History (6 events):
Event: 0.856 GC heap before
{Heap before GC invocations=0 (full 0):
 garbage-first heap   total 262144K, used 24576K [0x0000000701400000, 0x0000000800000000)
  region size 2048K, 11 young (22528K), 0 survivors (0K)
 Metaspace       used 4583K, committed 4736K, reserved 1056768K
  class space    used 567K, committed 640K, reserved 1048576K
}
Event: 0.859 GC heap after
{Heap after GC invocations=1 (full 0):
 garbage-first heap   total 262144K, used 6812K [0x0000000701400000, 0x0000000800000000)
  region size 2048K, 2 young (4096K), 2 survivors (4096K)
 Metaspace       used 4583K, committed 4736K, reserved 1056768K
  class space    used 567K, committed 640K, reserved 1048576K
}
Event: 1.502 GC heap before
{Heap before GC invocations=1 (full 0):
 garbage-first heap   total 262144K, used 39580K [0x0000000701400000, 0x0000000800000000)
  region size 2048K, 17 young (34816K), 2 survivors (4096K)
 Metaspace       used 12099K, committed 12288K, reserved 1064960K
  class space    used 1682K, committed 1792K, reserved 1048576K
}
Event: 1.507 GC heap after
{Heap after GC invocations=2 (full 0):
 garbage-first heap   total 262144K, used 13229K [0x0000000701400000, 0x0000000800000000)
  region size 2048K, 3 young (6144K), 3 survivors (6144K)
 Metaspace       used 12099K, committed 12288K, reserved 1064960K
  class space    used 1682K, committed 1792K, reserved 1048576K
}
Event: 8.542 GC heap before
{Heap before GC invocations=2 (full 0):
 garbage-first heap   total 262144K, used 84909K [0x0000000701400000, 0x0000000800000000)
  region size 2048K, 38 young (77824K), 3 survivors (6144K)
 Metaspace       used 21289K, committed 21504K, reserved 1073152K
  class space    used 3043K, committed 3136K, reserved 1048576K
}
Event: 8.554 GC heap after
{Heap after GC invocations=3 (full 0):
 garbage-first heap   total 262144K, used 26399K [0x0000000701400000, 0x0000000800000000)
  region size 2048K, 8 young (16384K), 8 survivors (16384K)
 Metaspace       used 21289K, committed 21504K, reserved 1073152K
  class space    used 3043K, committed 3136K, reserved 1048576K
}

Deoptimization events (20 events):
Event: 8.625 Thread 0x0000026010657dd0 Uncommon trap: trap_request=0xffffff45 fr.pc=0x0000026007b13e3c relative=0x000000000000041c
Event: 8.625 Thread 0x0000026010657dd0 Uncommon trap: reason=unstable_if action=reinterpret pc=0x0000026007b13e3c method=java.lang.StringLatin1.canEncode(I)Z @ 4 c2
Event: 8.625 Thread 0x0000026010657dd0 DEOPT PACKING pc=0x0000026007b13e3c sp=0x0000006e9acf71b0
Event: 8.625 Thread 0x0000026010657dd0 DEOPT UNPACKING pc=0x00000260000523a3 sp=0x0000006e9acf70d8 mode 2
Event: 8.625 Thread 0x0000026010657dd0 Uncommon trap: trap_request=0xffffff45 fr.pc=0x0000026007b1481c relative=0x00000000000003fc
Event: 8.625 Thread 0x0000026010657dd0 Uncommon trap: reason=unstable_if action=reinterpret pc=0x0000026007b1481c method=java.lang.AbstractStringBuilder.isLatin1()Z @ 10 c2
Event: 8.625 Thread 0x0000026010657dd0 DEOPT PACKING pc=0x0000026007b1481c sp=0x0000006e9acf71c0
Event: 8.625 Thread 0x0000026010657dd0 DEOPT UNPACKING pc=0x00000260000523a3 sp=0x0000006e9acf7140 mode 2
Event: 8.734 Thread 0x0000026010657dd0 Uncommon trap: trap_request=0xffffffcc fr.pc=0x0000026007d165dc relative=0x000000000000033c
Event: 8.734 Thread 0x0000026010657dd0 Uncommon trap: reason=intrinsic_or_type_checked_inlining action=make_not_entrant pc=0x0000026007d165dc method=java.util.Arrays.copyOf([Ljava/lang/Object;ILjava/lang/Class;)[Ljava/lang/Object; @ 35 c2
Event: 8.734 Thread 0x0000026010657dd0 DEOPT PACKING pc=0x0000026007d165dc sp=0x0000006e9acf95d0
Event: 8.734 Thread 0x0000026010657dd0 DEOPT UNPACKING pc=0x00000260000523a3 sp=0x0000006e9acf9560 mode 2
Event: 8.740 Thread 0x0000026010657dd0 Uncommon trap: trap_request=0xffffff45 fr.pc=0x0000026007ca39b8 relative=0x00000000000003d8
Event: 8.740 Thread 0x0000026010657dd0 Uncommon trap: reason=unstable_if action=reinterpret pc=0x0000026007ca39b8 method=java.util.WeakHashMap.expungeStaleEntries()V @ 9 c2
Event: 8.740 Thread 0x0000026010657dd0 DEOPT PACKING pc=0x0000026007ca39b8 sp=0x0000006e9acfaa50
Event: 8.740 Thread 0x0000026010657dd0 DEOPT UNPACKING pc=0x00000260000523a3 sp=0x0000006e9acfa918 mode 2
Event: 8.746 Thread 0x0000026010657dd0 Uncommon trap: trap_request=0xffffff45 fr.pc=0x0000026007c9dd38 relative=0x0000000000000bd8
Event: 8.746 Thread 0x0000026010657dd0 Uncommon trap: reason=unstable_if action=reinterpret pc=0x0000026007c9dd38 method=com.sun.glass.ui.Timer.resume()V @ 6 c2
Event: 8.746 Thread 0x0000026010657dd0 DEOPT PACKING pc=0x0000026007c9dd38 sp=0x0000006e9acfc360
Event: 8.746 Thread 0x0000026010657dd0 DEOPT UNPACKING pc=0x00000260000523a3 sp=0x0000006e9acfbff0 mode 2

Classes unloaded (0 events):
No events

Classes redefined (0 events):
No events

Internal exceptions (20 events):
Event: 2.910 Thread 0x0000026010657dd0 Exception <a 'java/lang/NoSuchMethodError'{0x000000070fbdd5f8}: 'java.lang.Object java.lang.invoke.DirectMethodHandle$Holder.newInvokeSpecial(java.lang.Object, java.lang.Object, int, int, int, int, int, java.lang.Object)'> (0x000000070fbdd5f8) 
thrown [t:\workspace\open\src\hotspot\share\interpreter\linkResolver.cpp, line 766]
Event: 2.911 Thread 0x0000026010657dd0 Exception <a 'java/lang/NoSuchMethodError'{0x000000070fbf05d8}: 'java.lang.Object java.lang.invoke.DirectMethodHandle$Holder.newInvokeSpecial(java.lang.Object, java.lang.Object, java.lang.Object, int, int, int, int, int)'> (0x000000070fbf05d8) 
thrown [t:\workspace\open\src\hotspot\share\interpreter\linkResolver.cpp, line 766]
Event: 2.911 Thread 0x0000026010657dd0 Exception <a 'java/lang/NoSuchMethodError'{0x000000070fbf7e38}: 'java.lang.Object java.lang.invoke.Invokers$Holder.linkToTargetMethod(java.lang.Object, java.lang.Object, int, int, int, int, int, java.lang.Object)'> (0x000000070fbf7e38) 
thrown [t:\workspace\open\src\hotspot\share\interpreter\linkResolver.cpp, line 766]
Event: 3.264 Thread 0x000002601059f460 Exception <a 'java/lang/NoSuchMethodError'{0x000000070fa5efc0}: 'java.lang.Object java.lang.invoke.DirectMethodHandle$Holder.invokeStaticInit(java.lang.Object, int)'> (0x000000070fa5efc0) 
thrown [t:\workspace\open\src\hotspot\share\interpreter\linkResolver.cpp, line 766]
Event: 5.199 Thread 0x0000026010657dd0 Exception <a 'java/lang/NoSuchMethodError'{0x000000070e96fc18}: 'java.lang.Object java.lang.invoke.DirectMethodHandle$Holder.newInvokeSpecial(java.lang.Object, java.lang.Object, int, java.lang.Object, java.lang.Object)'> (0x000000070e96fc18) 
thrown [t:\workspace\open\src\hotspot\share\interpreter\linkResolver.cpp, line 766]
Event: 7.646 Thread 0x0000026010657dd0 Exception <a 'java/lang/NoSuchMethodError'{0x000000070e4004c8}: 'java.lang.Object java.lang.invoke.DirectMethodHandle$Holder.invokeStatic(java.lang.Object, int, java.lang.Object)'> (0x000000070e4004c8) 
thrown [t:\workspace\open\src\hotspot\share\interpreter\linkResolver.cpp, line 766]
Event: 8.483 Thread 0x0000026010657dd0 Exception <a 'java/lang/NoSuchMethodError'{0x000000070cadfc18}: 'java.lang.Object java.lang.invoke.DirectMethodHandle$Holder.invokeStatic(java.lang.Object, java.lang.Object, int)'> (0x000000070cadfc18) 
thrown [t:\workspace\open\src\hotspot\share\interpreter\linkResolver.cpp, line 766]
Event: 8.484 Thread 0x0000026010657dd0 Exception <a 'java/lang/NoSuchMethodError'{0x000000070cae4368}: 'void java.lang.invoke.DirectMethodHandle$Holder.invokeStatic(java.lang.Object, java.lang.Object, int, java.lang.Object)'> (0x000000070cae4368) 
thrown [t:\workspace\open\src\hotspot\share\interpreter\linkResolver.cpp, line 766]
Event: 8.484 Thread 0x0000026010657dd0 Exception <a 'java/lang/NoSuchMethodError'{0x000000070caebb50}: 'void java.lang.invoke.DelegatingMethodHandle$Holder.delegate(java.lang.Object, java.lang.Object, int, java.lang.Object)'> (0x000000070caebb50) 
thrown [t:\workspace\open\src\hotspot\share\interpreter\linkResolver.cpp, line 766]
Event: 8.484 Thread 0x0000026010657dd0 Exception <a 'java/lang/NoSuchMethodError'{0x000000070caf03d8}: 'int java.lang.invoke.DirectMethodHandle$Holder.invokeSpecial(java.lang.Object, java.lang.Object, java.lang.Object)'> (0x000000070caf03d8) 
thrown [t:\workspace\open\src\hotspot\share\interpreter\linkResolver.cpp, line 766]
Event: 8.486 Thread 0x0000026010657dd0 Exception <a 'java/lang/NoSuchMethodError'{0x000000070cb0a920}: 'java.lang.Object java.lang.invoke.Invokers$Holder.invokeExact_MT(java.lang.Object, java.lang.Object, java.lang.Object, java.lang.Object)'> (0x000000070cb0a920) 
thrown [t:\workspace\open\src\hotspot\share\interpreter\linkResolver.cpp, line 766]
Event: 8.487 Thread 0x0000026010657dd0 Exception <a 'java/lang/NoSuchMethodError'{0x000000070cb0f138}: 'java.lang.Object java.lang.invoke.Invokers$Holder.invokeExact_MT(java.lang.Object, java.lang.Object, java.lang.Object)'> (0x000000070cb0f138) 
thrown [t:\workspace\open\src\hotspot\share\interpreter\linkResolver.cpp, line 766]
Event: 8.487 Thread 0x0000026010657dd0 Exception <a 'java/lang/NoSuchMethodError'{0x000000070cb13f68}: 'java.lang.Object java.lang.invoke.DirectMethodHandle$Holder.invokeStatic(java.lang.Object, int, java.lang.Object, java.lang.Object)'> (0x000000070cb13f68) 
thrown [t:\workspace\open\src\hotspot\share\interpreter\linkResolver.cpp, line 766]
Event: 8.488 Thread 0x0000026010657dd0 Exception <a 'java/lang/NoSuchMethodError'{0x000000070cb1b1d0}: 'java.lang.Object java.lang.invoke.DirectMethodHandle$Holder.newInvokeSpecial(java.lang.Object, int, java.lang.Object)'> (0x000000070cb1b1d0) 
thrown [t:\workspace\open\src\hotspot\share\interpreter\linkResolver.cpp, line 766]
Event: 8.492 Thread 0x0000026010657dd0 Exception <a 'java/lang/NoSuchMethodError'{0x000000070cb3f768}: 'java.lang.Object java.lang.invoke.DirectMethodHandle$Holder.invokeInterface(java.lang.Object, java.lang.Object)'> (0x000000070cb3f768) 
thrown [t:\workspace\open\src\hotspot\share\interpreter\linkResolver.cpp, line 766]
Event: 8.493 Thread 0x0000026010657dd0 Exception <a 'java/lang/IncompatibleClassChangeError'{0x000000070cb43758}: Found class java.lang.Object, but interface was expected> (0x000000070cb43758) 
thrown [t:\workspace\open\src\hotspot\share\interpreter\linkResolver.cpp, line 833]
Event: 8.631 Thread 0x0000026010657dd0 Exception <a 'java/lang/NoSuchMethodError'{0x00000007064d0cf8}: 'java.lang.Object java.lang.invoke.DirectMethodHandle$Holder.invokeStaticInit(java.lang.Object, java.lang.Object, java.lang.Object)'> (0x00000007064d0cf8) 
thrown [t:\workspace\open\src\hotspot\share\interpreter\linkResolver.cpp, line 766]
Event: 8.632 Thread 0x0000026010657dd0 Exception <a 'java/lang/NoSuchMethodError'{0x00000007064d7880}: 'java.lang.Object java.lang.invoke.DirectMethodHandle$Holder.invokeStatic(java.lang.Object, java.lang.Object, int, int)'> (0x00000007064d7880) 
thrown [t:\workspace\open\src\hotspot\share\interpreter\linkResolver.cpp, line 766]
Event: 8.632 Thread 0x0000026010657dd0 Exception <a 'java/lang/NoSuchMethodError'{0x00000007064dbaf0}: 'java.lang.Object java.lang.invoke.DirectMethodHandle$Holder.invokeStaticInit(java.lang.Object, java.lang.Object, int, int)'> (0x00000007064dbaf0) 
thrown [t:\workspace\open\src\hotspot\share\interpreter\linkResolver.cpp, line 766]
Event: 8.725 Thread 0x0000026010657dd0 Exception <a 'java/lang/NoSuchMethodError'{0x00000007061e1e20}: 'void java.lang.invoke.DirectMethodHandle$Holder.invokeInterface(java.lang.Object, java.lang.Object, java.lang.Object)'> (0x00000007061e1e20) 
thrown [t:\workspace\open\src\hotspot\share\interpreter\linkResolver.cpp, line 766]

VM Operations (20 events):
Event: 7.133 Executing VM operation: Cleanup
Event: 7.133 Executing VM operation: Cleanup done
Event: 7.767 Executing VM operation: ICBufferFull
Event: 7.767 Executing VM operation: ICBufferFull done
Event: 8.143 Executing VM operation: HandshakeAllThreads
Event: 8.143 Executing VM operation: HandshakeAllThreads done
Event: 8.145 Executing VM operation: ICBufferFull
Event: 8.145 Executing VM operation: ICBufferFull done
Event: 8.457 Executing VM operation: HandshakeAllThreads
Event: 8.457 Executing VM operation: HandshakeAllThreads done
Event: 8.483 Executing VM operation: HandshakeAllThreads
Event: 8.483 Executing VM operation: HandshakeAllThreads done
Event: 8.494 Executing VM operation: HandshakeAllThreads
Event: 8.494 Executing VM operation: HandshakeAllThreads done
Event: 8.541 Executing VM operation: CollectForMetadataAllocation
Event: 8.555 Executing VM operation: CollectForMetadataAllocation done
Event: 8.566 Executing VM operation: G1Concurrent
Event: 8.569 Executing VM operation: G1Concurrent done
Event: 8.570 Executing VM operation: G1Concurrent
Event: 8.575 Executing VM operation: G1Concurrent done

Events (20 events):
Event: 8.599 loading class java/math/MathContext
Event: 8.599 loading class java/math/MathContext done
Event: 8.652 loading class java/time/DayOfWeek
Event: 8.652 loading class java/time/DayOfWeek done
Event: 8.652 loading class java/time/temporal/WeekFields
Event: 8.652 loading class java/time/temporal/WeekFields done
Event: 8.652 loading class java/time/temporal/WeekFields$ComputedDayOfField
Event: 8.652 loading class java/time/temporal/WeekFields$ComputedDayOfField done
Event: 8.715 loading class jdk/internal/reflect/BootstrapConstructorAccessorImpl
Event: 8.715 loading class jdk/internal/reflect/BootstrapConstructorAccessorImpl done
Event: 8.716 loading class java/nio/BufferUnderflowException
Event: 8.716 loading class java/nio/BufferUnderflowException done
Event: 8.736 loading class java/io/CharArrayWriter
Event: 8.736 loading class java/io/CharArrayWriter done
Event: 8.739 loading class java/io/FileOutputStream$1
Event: 8.739 loading class java/io/FileOutputStream$1 done
Event: 8.763 loading class java/lang/Throwable$WrappedPrintStream
Event: 8.763 loading class java/lang/Throwable$PrintStreamOrWriter
Event: 8.763 loading class java/lang/Throwable$PrintStreamOrWriter done
Event: 8.763 loading class java/lang/Throwable$WrappedPrintStream done


Dynamic libraries:
0x00007ff77c260000 - 0x00007ff77c26e000 	C:\Users\jayst\.jdks\openjdk-17.0.2\bin\java.exe
0x00007ff8adcd0000 - 0x00007ff8adec8000 	C:\WINDOWS\SYSTEM32\ntdll.dll
0x00007ff8ad970000 - 0x00007ff8ada2f000 	C:\WINDOWS\System32\KERNEL32.DLL
0x00007ff8aba50000 - 0x00007ff8abd2a000 	C:\WINDOWS\System32\KERNELBASE.dll
0x00007ff8ab410000 - 0x00007ff8ab510000 	C:\WINDOWS\System32\ucrtbase.dll
0x00007ff89f850000 - 0x00007ff89f868000 	C:\Users\jayst\.jdks\openjdk-17.0.2\bin\jli.dll
0x00007ff89f830000 - 0x00007ff89f84a000 	C:\Users\jayst\.jdks\openjdk-17.0.2\bin\VCRUNTIME140.dll
0x00007ff8ac530000 - 0x00007ff8ac6cd000 	C:\WINDOWS\System32\USER32.dll
0x00007ff8ab3e0000 - 0x00007ff8ab402000 	C:\WINDOWS\System32\win32u.dll
0x00007ff8aa7e0000 - 0x00007ff8aaa7a000 	C:\WINDOWS\WinSxS\amd64_microsoft.windows.common-controls_6595b64144ccf1df_6.0.19041.1110_none_60b5254171f9507e\COMCTL32.dll
0x00007ff8acbe0000 - 0x00007ff8acc0b000 	C:\WINDOWS\System32\GDI32.dll
0x00007ff8accc0000 - 0x00007ff8acd5e000 	C:\WINDOWS\System32\msvcrt.dll
0x00007ff8ab880000 - 0x00007ff8ab990000 	C:\WINDOWS\System32\gdi32full.dll
0x00007ff8ab580000 - 0x00007ff8ab61d000 	C:\WINDOWS\System32\msvcp_win.dll
0x00007ff8ad130000 - 0x00007ff8ad160000 	C:\WINDOWS\System32\IMM32.DLL
0x00007ff89f990000 - 0x00007ff89f99c000 	C:\Users\jayst\.jdks\openjdk-17.0.2\bin\vcruntime140_1.dll
0x00007ff89e3d0000 - 0x00007ff89e45d000 	C:\Users\jayst\.jdks\openjdk-17.0.2\bin\msvcp140.dll
0x00007ff80a050000 - 0x00007ff80ac11000 	C:\Users\jayst\.jdks\openjdk-17.0.2\bin\server\jvm.dll
0x00007ff8acd60000 - 0x00007ff8ace0e000 	C:\WINDOWS\System32\ADVAPI32.dll
0x00007ff8abd30000 - 0x00007ff8abdcc000 	C:\WINDOWS\System32\sechost.dll
0x00007ff8ac6d0000 - 0x00007ff8ac7f6000 	C:\WINDOWS\System32\RPCRT4.dll
0x00007ff8ac520000 - 0x00007ff8ac528000 	C:\WINDOWS\System32\PSAPI.DLL
0x00007ff8821a0000 - 0x00007ff8821a9000 	C:\WINDOWS\SYSTEM32\WSOCK32.dll
0x00007ff8a4490000 - 0x00007ff8a449a000 	C:\WINDOWS\SYSTEM32\VERSION.dll
0x00007ff8ace10000 - 0x00007ff8ace7b000 	C:\WINDOWS\System32\WS2_32.dll
0x00007ff889710000 - 0x00007ff889737000 	C:\WINDOWS\SYSTEM32\WINMM.dll
0x00007ff8a95e0000 - 0x00007ff8a95f2000 	C:\WINDOWS\SYSTEM32\kernel.appcore.dll
0x00007ff89f820000 - 0x00007ff89f82a000 	C:\Users\jayst\.jdks\openjdk-17.0.2\bin\jimage.dll
0x00007ff8aad90000 - 0x00007ff8aaf74000 	C:\WINDOWS\SYSTEM32\DBGHELP.DLL
0x00007ff8aabb0000 - 0x00007ff8aabe4000 	C:\WINDOWS\SYSTEM32\dbgcore.DLL
0x00007ff8ab9c0000 - 0x00007ff8aba42000 	C:\WINDOWS\System32\bcryptPrimitives.dll
0x00007ff89b5e0000 - 0x00007ff89b5ee000 	C:\Users\jayst\.jdks\openjdk-17.0.2\bin\instrument.dll
0x00007ff89f7f0000 - 0x00007ff89f815000 	C:\Users\jayst\.jdks\openjdk-17.0.2\bin\java.dll
0x00007ff89bb60000 - 0x00007ff89bc36000 	C:\Users\jayst\.jdks\openjdk-17.0.2\bin\jsvml.dll
0x00007ff8abdd0000 - 0x00007ff8ac514000 	C:\WINDOWS\System32\SHELL32.dll
0x00007ff8a8e30000 - 0x00007ff8a95c3000 	C:\WINDOWS\SYSTEM32\windows.storage.dll
0x00007ff8ac800000 - 0x00007ff8acb54000 	C:\WINDOWS\System32\combase.dll
0x00007ff8aa740000 - 0x00007ff8aa76e000 	C:\WINDOWS\SYSTEM32\Wldp.dll
0x00007ff8ace80000 - 0x00007ff8acf2d000 	C:\WINDOWS\System32\SHCORE.dll
0x00007ff8ad160000 - 0x00007ff8ad1b5000 	C:\WINDOWS\System32\shlwapi.dll
0x00007ff8ab320000 - 0x00007ff8ab33f000 	C:\WINDOWS\SYSTEM32\profapi.dll
0x00007ff89f6c0000 - 0x00007ff89f6d9000 	C:\Users\jayst\.jdks\openjdk-17.0.2\bin\net.dll
0x00007ff8a5640000 - 0x00007ff8a574a000 	C:\WINDOWS\SYSTEM32\WINHTTP.dll
0x00007ff8aa610000 - 0x00007ff8aa67a000 	C:\WINDOWS\system32\mswsock.dll
0x00007ff89f6a0000 - 0x00007ff89f6b6000 	C:\Users\jayst\.jdks\openjdk-17.0.2\bin\nio.dll
0x00007ff89f680000 - 0x00007ff89f698000 	C:\Users\jayst\.jdks\openjdk-17.0.2\bin\zip.dll
0x00007ff89b5c0000 - 0x00007ff89b5da000 	C:\Users\jayst\IntelliJ IDEA Ultimate\IntelliJ IDEA 2020.3.2\bin\breakgen64.dll
0x00000260114f0000 - 0x00000260114f3000 	C:\Users\jayst\JavaFX\javafx-sdk-19.0.2.1\bin\api-ms-win-core-console-l1-1-0.dll
0x0000026011500000 - 0x0000026011503000 	C:\Users\jayst\JavaFX\javafx-sdk-19.0.2.1\bin\api-ms-win-core-console-l1-2-0.dll
0x0000026011510000 - 0x0000026011513000 	C:\Users\jayst\JavaFX\javafx-sdk-19.0.2.1\bin\api-ms-win-core-datetime-l1-1-0.dll
0x0000026011520000 - 0x0000026011523000 	C:\Users\jayst\JavaFX\javafx-sdk-19.0.2.1\bin\api-ms-win-core-debug-l1-1-0.dll
0x0000026011530000 - 0x0000026011533000 	C:\Users\jayst\JavaFX\javafx-sdk-19.0.2.1\bin\api-ms-win-core-errorhandling-l1-1-0.dll
0x0000026011540000 - 0x0000026011544000 	C:\Users\jayst\JavaFX\javafx-sdk-19.0.2.1\bin\api-ms-win-core-file-l1-1-0.dll
0x0000026011550000 - 0x0000026011553000 	C:\Users\jayst\JavaFX\javafx-sdk-19.0.2.1\bin\api-ms-win-core-file-l1-2-0.dll
0x0000026011560000 - 0x0000026011563000 	C:\Users\jayst\JavaFX\javafx-sdk-19.0.2.1\bin\api-ms-win-core-file-l2-1-0.dll
0x0000026011570000 - 0x0000026011573000 	C:\Users\jayst\JavaFX\javafx-sdk-19.0.2.1\bin\api-ms-win-core-handle-l1-1-0.dll
0x0000026011580000 - 0x0000026011583000 	C:\Users\jayst\JavaFX\javafx-sdk-19.0.2.1\bin\api-ms-win-core-heap-l1-1-0.dll
0x0000026011590000 - 0x0000026011593000 	C:\Users\jayst\JavaFX\javafx-sdk-19.0.2.1\bin\api-ms-win-core-interlocked-l1-1-0.dll
0x00000260115a0000 - 0x00000260115a3000 	C:\Users\jayst\JavaFX\javafx-sdk-19.0.2.1\bin\api-ms-win-core-libraryloader-l1-1-0.dll
0x00000260115b0000 - 0x00000260115b3000 	C:\Users\jayst\JavaFX\javafx-sdk-19.0.2.1\bin\api-ms-win-core-localization-l1-2-0.dll
0x00000260118f0000 - 0x00000260118f3000 	C:\Users\jayst\JavaFX\javafx-sdk-19.0.2.1\bin\api-ms-win-core-memory-l1-1-0.dll
0x0000026011900000 - 0x0000026011903000 	C:\Users\jayst\JavaFX\javafx-sdk-19.0.2.1\bin\api-ms-win-core-namedpipe-l1-1-0.dll
0x0000026011910000 - 0x0000026011913000 	C:\Users\jayst\JavaFX\javafx-sdk-19.0.2.1\bin\api-ms-win-core-processenvironment-l1-1-0.dll
0x0000026011920000 - 0x0000026011923000 	C:\Users\jayst\JavaFX\javafx-sdk-19.0.2.1\bin\api-ms-win-core-processthreads-l1-1-0.dll
0x00000260115c0000 - 0x00000260115c3000 	C:\Users\jayst\JavaFX\javafx-sdk-19.0.2.1\bin\api-ms-win-core-processthreads-l1-1-1.dll
0x00000260115d0000 - 0x00000260115d3000 	C:\Users\jayst\JavaFX\javafx-sdk-19.0.2.1\bin\api-ms-win-core-profile-l1-1-0.dll
0x00000260115e0000 - 0x00000260115e3000 	C:\Users\jayst\JavaFX\javafx-sdk-19.0.2.1\bin\api-ms-win-core-rtlsupport-l1-1-0.dll
0x00000260115f0000 - 0x00000260115f3000 	C:\Users\jayst\JavaFX\javafx-sdk-19.0.2.1\bin\api-ms-win-core-string-l1-1-0.dll
0x0000026011600000 - 0x0000026011603000 	C:\Users\jayst\JavaFX\javafx-sdk-19.0.2.1\bin\api-ms-win-core-synch-l1-1-0.dll
0x0000026011610000 - 0x0000026011613000 	C:\Users\jayst\JavaFX\javafx-sdk-19.0.2.1\bin\api-ms-win-core-synch-l1-2-0.dll
0x0000026011620000 - 0x0000026011623000 	C:\Users\jayst\JavaFX\javafx-sdk-19.0.2.1\bin\api-ms-win-core-sysinfo-l1-1-0.dll
0x0000026011630000 - 0x0000026011633000 	C:\Users\jayst\JavaFX\javafx-sdk-19.0.2.1\bin\api-ms-win-core-timezone-l1-1-0.dll
0x0000026011640000 - 0x0000026011643000 	C:\Users\jayst\JavaFX\javafx-sdk-19.0.2.1\bin\api-ms-win-core-util-l1-1-0.dll
0x0000026011650000 - 0x0000026011653000 	C:\Users\jayst\JavaFX\javafx-sdk-19.0.2.1\bin\api-ms-win-crt-conio-l1-1-0.dll
0x0000026011660000 - 0x0000026011664000 	C:\Users\jayst\JavaFX\javafx-sdk-19.0.2.1\bin\api-ms-win-crt-convert-l1-1-0.dll
0x0000026011670000 - 0x0000026011673000 	C:\Users\jayst\JavaFX\javafx-sdk-19.0.2.1\bin\api-ms-win-crt-environment-l1-1-0.dll
0x0000026011680000 - 0x0000026011683000 	C:\Users\jayst\JavaFX\javafx-sdk-19.0.2.1\bin\api-ms-win-crt-filesystem-l1-1-0.dll
0x0000026011690000 - 0x0000026011693000 	C:\Users\jayst\JavaFX\javafx-sdk-19.0.2.1\bin\api-ms-win-crt-heap-l1-1-0.dll
0x00000260116a0000 - 0x00000260116a3000 	C:\Users\jayst\JavaFX\javafx-sdk-19.0.2.1\bin\api-ms-win-crt-locale-l1-1-0.dll
0x00000260116b0000 - 0x00000260116b5000 	C:\Users\jayst\JavaFX\javafx-sdk-19.0.2.1\bin\api-ms-win-crt-math-l1-1-0.dll
0x00000260117e0000 - 0x00000260117e5000 	C:\Users\jayst\JavaFX\javafx-sdk-19.0.2.1\bin\api-ms-win-crt-multibyte-l1-1-0.dll
0x00000260117f0000 - 0x0000026011800000 	C:\Users\jayst\JavaFX\javafx-sdk-19.0.2.1\bin\api-ms-win-crt-private-l1-1-0.dll
0x0000026011800000 - 0x0000026011803000 	C:\Users\jayst\JavaFX\javafx-sdk-19.0.2.1\bin\api-ms-win-crt-process-l1-1-0.dll
0x0000026011810000 - 0x0000026011814000 	C:\Users\jayst\JavaFX\javafx-sdk-19.0.2.1\bin\api-ms-win-crt-runtime-l1-1-0.dll
0x0000026011820000 - 0x0000026011824000 	C:\Users\jayst\JavaFX\javafx-sdk-19.0.2.1\bin\api-ms-win-crt-stdio-l1-1-0.dll
0x0000026011830000 - 0x0000026011834000 	C:\Users\jayst\JavaFX\javafx-sdk-19.0.2.1\bin\api-ms-win-crt-string-l1-1-0.dll
0x0000026011840000 - 0x0000026011843000 	C:\Users\jayst\JavaFX\javafx-sdk-19.0.2.1\bin\api-ms-win-crt-time-l1-1-0.dll
0x0000026011850000 - 0x0000026011853000 	C:\Users\jayst\JavaFX\javafx-sdk-19.0.2.1\bin\api-ms-win-crt-utility-l1-1-0.dll
0x00007ff888f50000 - 0x00007ff88904c000 	C:\Users\jayst\JavaFX\javafx-sdk-19.0.2.1\bin\ucrtbase.dll
0x00007ff89b5a0000 - 0x00007ff89b5bb000 	C:\Users\jayst\JavaFX\javafx-sdk-19.0.2.1\bin\vcruntime140.dll
0x00007ff89b590000 - 0x00007ff89b59c000 	C:\Users\jayst\JavaFX\javafx-sdk-19.0.2.1\bin\vcruntime140_1.dll
0x00007ff891640000 - 0x00007ff8916ce000 	C:\Users\jayst\JavaFX\javafx-sdk-19.0.2.1\bin\msvcp140.dll
0x00007ff89afa0000 - 0x00007ff89afa9000 	C:\Users\jayst\JavaFX\javafx-sdk-19.0.2.1\bin\msvcp140_1.dll
0x00007ff8977c0000 - 0x00007ff8977f0000 	C:\Users\jayst\JavaFX\javafx-sdk-19.0.2.1\bin\msvcp140_2.dll
0x00007ff897310000 - 0x00007ff89733c000 	C:\Users\jayst\JavaFX\javafx-sdk-19.0.2.1\bin\prism_d3d.dll
0x00007ff89ea60000 - 0x00007ff89ec2d000 	C:\WINDOWS\system32\d3d9.dll
0x00007ff8a8820000 - 0x00007ff8a884f000 	C:\WINDOWS\SYSTEM32\dwmapi.dll
0x00007ff8a8570000 - 0x00007ff8a860e000 	C:\WINDOWS\system32\uxtheme.dll
0x00007ff88e1f0000 - 0x00007ff88e2ae000 	C:\WINDOWS\System32\DriverStore\FileRepository\nvaeig.inf_amd64_7e75cc19bb9dd774\nvldumdx.dll
0x00007ff8aab90000 - 0x00007ff8aaba2000 	C:\WINDOWS\SYSTEM32\msasn1.dll
0x00007ff8a43d0000 - 0x00007ff8a4401000 	C:\WINDOWS\SYSTEM32\cryptnet.dll
0x00007ff8ab6d0000 - 0x00007ff8ab826000 	C:\WINDOWS\System32\CRYPT32.dll
0x00007ff8a41f0000 - 0x00007ff8a4338000 	C:\WINDOWS\SYSTEM32\drvstore.dll
0x00007ff8ab190000 - 0x00007ff8ab1bc000 	C:\WINDOWS\SYSTEM32\devobj.dll
0x00007ff8ab830000 - 0x00007ff8ab87e000 	C:\WINDOWS\System32\cfgmgr32.dll
0x00007ff8aa700000 - 0x00007ff8aa70c000 	C:\WINDOWS\SYSTEM32\cryptbase.dll
0x00007ff8ab510000 - 0x00007ff8ab577000 	C:\WINDOWS\System32\WINTRUST.DLL
0x00007ff8acca0000 - 0x00007ff8accbd000 	C:\WINDOWS\System32\imagehlp.dll
0x00007ff8ab170000 - 0x00007ff8ab188000 	C:\WINDOWS\SYSTEM32\CRYPTSP.dll
0x00007ff8a9e20000 - 0x00007ff8a9e54000 	C:\WINDOWS\system32\rsaenh.dll
0x00007ff8ab990000 - 0x00007ff8ab9b7000 	C:\WINDOWS\System32\bcrypt.dll
0x00007ff83b270000 - 0x00007ff83d879000 	C:\WINDOWS\System32\DriverStore\FileRepository\nvaeig.inf_amd64_7e75cc19bb9dd774\nvd3dumx.dll
0x00007ff88d940000 - 0x00007ff88d982000 	C:\Users\jayst\JavaFX\javafx-sdk-19.0.2.1\bin\glass.dll
0x00007ff8ad050000 - 0x00007ff8ad12a000 	C:\WINDOWS\System32\COMDLG32.dll
0x00007ff8ad1c0000 - 0x00007ff8ad2ea000 	C:\WINDOWS\System32\ole32.dll
0x00007ff8adbc0000 - 0x00007ff8adc8d000 	C:\WINDOWS\System32\OLEAUT32.dll
0x00007ff8acf30000 - 0x00007ff8ad044000 	C:\WINDOWS\System32\MSCTF.dll
0x00007ff8a9600000 - 0x00007ff8a9623000 	C:\WINDOWS\SYSTEM32\gpapi.dll
0x00007ff889740000 - 0x00007ff88977b000 	C:\WINDOWS\SYSTEM32\dxcore.dll
0x00007ff8951f0000 - 0x00007ff89521d000 	C:\Users\jayst\JavaFX\javafx-sdk-19.0.2.1\bin\javafx_iio.dll
0x00007ff898010000 - 0x00007ff898024000 	C:\Users\jayst\JavaFX\javafx-sdk-19.0.2.1\bin\javafx_font.dll
0x00007ff899c30000 - 0x00007ff899eaf000 	C:\WINDOWS\SYSTEM32\dwrite.dll
0x00007ff8adb00000 - 0x00007ff8adba9000 	C:\WINDOWS\System32\clbcatq.dll
0x00007ff88fd40000 - 0x00007ff88fef4000 	C:\WINDOWS\SYSTEM32\WindowsCodecs.dll
0x00007ff898890000 - 0x00007ff8988ce000 	C:\WINDOWS\system32\dataexchange.dll
0x00007ff8a6b40000 - 0x00007ff8a6da3000 	C:\WINDOWS\system32\d3d11.dll
0x00007ff8a7930000 - 0x00007ff8a7b13000 	C:\WINDOWS\system32\dcomp.dll
0x00007ff8a9630000 - 0x00007ff8a9723000 	C:\WINDOWS\system32\dxgi.dll

dbghelp: loaded successfully - version: 4.0.5 - missing functions: none
symbol engine: initialized successfully - sym options: 0x614 - pdb path: .;C:\Users\jayst\.jdks\openjdk-17.0.2\bin;C:\WINDOWS\SYSTEM32;C:\WINDOWS\WinSxS\amd64_microsoft.windows.common-controls_6595b64144ccf1df_6.0.19041.1110_none_60b5254171f9507e;C:\Users\jayst\.jdks\openjdk-17.0.2\bin\server;C:\Users\jayst\IntelliJ IDEA Ultimate\IntelliJ IDEA 2020.3.2\bin;C:\Users\jayst\JavaFX\javafx-sdk-19.0.2.1\bin;C:\WINDOWS\System32\DriverStore\FileRepository\nvaeig.inf_amd64_7e75cc19bb9dd774;C:\Program Files\Common Files\Microsoft Shared\Ink

VM Arguments:
jvm_args: --module-path=C:/Users/jayst/JavaFX/javafx-sdk-19.0.2.1/lib --add-modules=javafx.controls,javafx.fxml -javaagent:C:\Users\jayst\IntelliJ IDEA Ultimate\IntelliJ IDEA 2020.3.2\lib\idea_rt.jar=60110:C:\Users\jayst\IntelliJ IDEA Ultimate\IntelliJ IDEA 2020.3.2\bin -Dfile.encoding=UTF-8 
java_command: sample.Main
java_class_path (initial): C:\Users\jayst\Documents\Uni\CS39440_Major_Project\Program\MobileGroundStation\out\production\MobileGroundStation;C:\Users\jayst\JavaFX\javafx-sdk-19.0.2.1\lib\javafx-swt.jar;C:\Users\jayst\JavaFX\javafx-sdk-19.0.2.1\lib\javafx.web.jar;C:\Users\jayst\JavaFX\javafx-sdk-19.0.2.1\lib\javafx.base.jar;C:\Users\jayst\JavaFX\javafx-sdk-19.0.2.1\lib\javafx.fxml.jar;C:\Users\jayst\JavaFX\javafx-sdk-19.0.2.1\lib\javafx.media.jar;C:\Users\jayst\JavaFX\javafx-sdk-19.0.2.1\lib\javafx.swing.jar;C:\Users\jayst\JavaFX\javafx-sdk-19.0.2.1\lib\javafx.controls.jar;C:\Users\jayst\JavaFX\javafx-sdk-19.0.2.1\lib\javafx.graphics.jar;C:\Users\jayst\Documents\Java Libraries\minigeo-r6.jar;C:\Users\jayst\Documents\Uni\CS39440_Major_Project\poi-bin-5.2.3\lib\commons-codec-1.15.jar;C:\Users\jayst\Documents\Uni\CS39440_Major_Project\poi-bin-5.2.3\lib\commons-collections4-4.4.jar;C:\Users\jayst\Documents\Uni\CS39440_Major_Project\poi-bin-5.2.3\lib\commons-io-2.11.0.jar;C:\Users\jayst\Documents\Uni\CS39440_Major_Project\poi-bin-5.2.3\lib\commons-math3-3.6.1.jar;C:\Users\jayst\Documents\Uni\CS39440_Major_Project\poi-bin-5.2.3\lib\log4j-api-2.18.0.jar;C:\Users\jayst\Documents\Uni\CS39440_Major_Project\poi-bin-5.2.3\lib\SparseBitSet-1.2.jar;C:\Users\jayst\Documents\Uni\CS39440_Major_Project\poi-bin-5.2.3\ooxml-lib\commons-compress-1.21.jar;C:\Users\jayst\Documents\Uni\CS39440_Major_Project\poi-bin-5.2.3\ooxml-lib\commons-logging-1.2.jar;C:\Users\jayst\Documents\Uni\CS39440_Major_Project\poi-bin-5.2.3\ooxml-lib\curvesapi-1.07.jar;C:\Users\jayst\Documents\Uni\CS39440_Major_Project\poi-bin-5.2.3\ooxml-lib\jakarta.activation-2.0.1.jar;C:\Users\jayst\Documents\Uni\CS39440_Major_Project\poi-bin-5.2.3\ooxml-lib\jakarta.xml.bind-api-3.0.1.jar;C:\Users\jayst\Documents\Uni\CS39440_Major_Project\poi-bin-5.2.3\ooxml-lib\slf4j-api-1.7.36.jar;C:\Users\jayst\Documents\Uni\CS39440_Major_Project\poi-bin-5.2.3\ooxml-lib\xmlbeans-5.1.1.jar;C:\Users\jayst\Documents\Uni\CS39440_Major_Project
Launcher Type: SUN_STANDARD

[Global flags]
     intx CICompilerCount                          = 4                                         {product} {ergonomic}
     uint ConcGCThreads                            = 2                                         {product} {ergonomic}
     uint G1ConcRefinementThreads                  = 8                                         {product} {ergonomic}
   size_t G1HeapRegionSize                         = 2097152                                   {product} {ergonomic}
    uintx GCDrainStackTargetSize                   = 64                                        {product} {ergonomic}
   size_t InitialHeapSize                          = 268435456                                 {product} {ergonomic}
   size_t MarkStackSize                            = 4194304                                   {product} {ergonomic}
   size_t MaxHeapSize                              = 4273995776                                {product} {ergonomic}
   size_t MaxNewSize                               = 2562719744                                {product} {ergonomic}
   size_t MinHeapDeltaBytes                        = 2097152                                   {product} {ergonomic}
   size_t MinHeapSize                              = 8388608                                   {product} {ergonomic}
    uintx NonNMethodCodeHeapSize                   = 5839372                                {pd product} {ergonomic}
    uintx NonProfiledCodeHeapSize                  = 122909434                              {pd product} {ergonomic}
    uintx ProfiledCodeHeapSize                     = 122909434                              {pd product} {ergonomic}
    uintx ReservedCodeCacheSize                    = 251658240                              {pd product} {ergonomic}
     bool SegmentedCodeCache                       = true                                      {product} {ergonomic}
   size_t SoftMaxHeapSize                          = 4273995776                             {manageable} {ergonomic}
     bool UseCompressedClassPointers               = true                           {product lp64_product} {ergonomic}
     bool UseCompressedOops                        = true                           {product lp64_product} {ergonomic}
     bool UseG1GC                                  = true                                      {product} {ergonomic}
     bool UseLargePagesIndividualAllocation        = false                                  {pd product} {ergonomic}

Logging:
Log output configuration:
 #0: stdout all=warning uptime,level,tags
 #1: stderr all=off uptime,level,tags

Environment Variables:
JAVA_HOME=D:\Java\jdk-15.0.2
PATH=C:\Program Files (x86)\Common Files\Oracle\Java\javapath;C:\Program Files (x86)\NVIDIA Corporation\PhysX\Common;C:\WINDOWS\system32;C:\WINDOWS;C:\WINDOWS\System32\Wbem;C:\WINDOWS\System32\WindowsPowerShell\v1.0\;C:\WINDOWS\System32\OpenSSH\;D:\QuickTime\QTSystem\;D:\Java\jdk-15.0.2\bin;D:\PuTTY\;C:\Program Files\Git\cmd;C:\Users\jayst\AppData\Local\Microsoft\WindowsApps;D:\Java\jdk-15.0.2\bin;D:\Visual Studio Code\Microsoft VS Code\bin;C:\Users\jayst\AppData\Local\GitHubDesktop\bin
USERNAME=jayst
OS=Windows_NT
PROCESSOR_IDENTIFIER=Intel64 Family 6 Model 60 Stepping 3, GenuineIntel



---------------  S Y S T E M  ---------------

OS:
 Windows 10 , 64 bit Build 19041 (10.0.19041.2788)
OS uptime: 9 days 4:32 hours

CPU: total 8 (initial active 8) (4 cores per cpu, 2 threads per core) family 6 model 60 stepping 3 microcode 0x27, cx8, cmov, fxsr, ht, mmx, sse, sse2, sse3, ssse3, sse4.1, sse4.2, popcnt, lzcnt, tsc, tscinvbit, avx, avx2, aes, erms, clmul, bmi1, bmi2, fma, vzeroupper, clflush

Memory: 4k page, system-wide physical 16303M (2159M free)
TotalPageFile size 26591M (AvailPageFile size 2756M)
current process WorkingSet (physical memory assigned to process): 200M, peak: 259M
current process commit charge ("private bytes"): 337M, peak: 510M

vm_info: OpenJDK 64-Bit Server VM (17.0.2+8-86) for windows-amd64 JRE (17.0.2+8-86), built on Dec  7 2021 21:49:10 by "mach5one" with MS VC++ 16.8 / 16.9 (VS2019)

END.
